-------------------------------------------------------------------------------
Test set: com.vytrack.runners.CukesRunner
-------------------------------------------------------------------------------
Tests run: 2, Failures: 1, Errors: 0, Skipped: 0, Time elapsed: 25.963 s <<< FAILURE! - in com.vytrack.runners.CukesRunner
Verify warning message for invalid credentials(Login)  Time elapsed: 4.128 s  <<< FAILURE!
org.junit.ComparisonFailure: expected:<Invalid user name[]> but was:<Invalid user name[ or password.]>

